<?xml version="1.0" encoding="UTF-8"?>
<testng-results skipped="0" failed="0" total="1" passed="1">
  <reporter-output>
  </reporter-output>
  <suite name="Default suite" duration-ms="3545" started-at="2016-01-15T20:55:34Z" finished-at="2016-01-15T20:55:38Z">
    <groups>
    </groups>
    <test name="Default test" duration-ms="3545" started-at="2016-01-15T20:55:34Z" finished-at="2016-01-15T20:55:38Z">
      <class name="actiTime.ActiTime">
        <test-method status="PASS" signature="beforetest()[pri:0, instance:actiTime.ActiTime@5e8b2438]" name="beforetest" is-config="true" duration-ms="126" started-at="2016-01-16T02:25:34Z" finished-at="2016-01-16T02:25:34Z">
          <reporter-output>
          </reporter-output>
        </test-method> <!-- beforetest -->
        <test-method status="PASS" signature="login()[pri:0, instance:actiTime.ActiTime@5e8b2438]" name="login" duration-ms="3249" started-at="2016-01-16T02:25:34Z" finished-at="2016-01-16T02:25:38Z">
          <reporter-output>
          </reporter-output>
        </test-method> <!-- login -->
        <test-method status="PASS" signature="aftertest()[pri:0, instance:actiTime.ActiTime@5e8b2438]" name="aftertest" is-config="true" duration-ms="158" started-at="2016-01-16T02:25:38Z" finished-at="2016-01-16T02:25:38Z">
          <reporter-output>
          </reporter-output>
        </test-method> <!-- aftertest -->
      </class> <!-- actiTime.ActiTime -->
    </test> <!-- Default test -->
  </suite> <!-- Default suite -->
</testng-results>
